<?xml version="1.0" encoding="UTF-8" ?>
<testsuite tests="64" failures="18" name="TestSuite" time="26.293" errors="0" skipped="0">
  <properties>
    <property name="java.runtime.name" value="Java(TM) SE Runtime Environment"/>
    <property name="sun.boot.library.path" value="/Library/Java/JavaVirtualMachines/jdk1.8.0_121.jdk/Contents/Home/jre/lib"/>
    <property name="java.vm.version" value="25.121-b13"/>
    <property name="gopherProxySet" value="false"/>
    <property name="java.vm.vendor" value="Oracle Corporation"/>
    <property name="maven.multiModuleProjectDirectory" value="/Users/xuxiaochan/eclipse-workspace/BankInfoCollectEndpointTest"/>
    <property name="java.vendor.url" value="http://java.oracle.com/"/>
    <property name="path.separator" value=":"/>
    <property name="guice.disable.misplaced.annotation.check" value="true"/>
    <property name="java.vm.name" value="Java HotSpot(TM) 64-Bit Server VM"/>
    <property name="file.encoding.pkg" value="sun.io"/>
    <property name="user.country" value="CN"/>
    <property name="sun.java.launcher" value="SUN_STANDARD"/>
    <property name="sun.os.patch.level" value="unknown"/>
    <property name="java.vm.specification.name" value="Java Virtual Machine Specification"/>
    <property name="user.dir" value="/Users/xuxiaochan/eclipse-workspace/BankInfoCollectEndpointTest"/>
    <property name="java.runtime.version" value="1.8.0_121-b13"/>
    <property name="java.awt.graphicsenv" value="sun.awt.CGraphicsEnvironment"/>
    <property name="java.endorsed.dirs" value="/Library/Java/JavaVirtualMachines/jdk1.8.0_121.jdk/Contents/Home/jre/lib/endorsed"/>
    <property name="os.arch" value="x86_64"/>
    <property name="java.io.tmpdir" value="/var/folders/v6/cn9r0rz57tq9vqc3czdy84wh0000gn/T/"/>
    <property name="line.separator" value="
"/>
    <property name="java.vm.specification.vendor" value="Oracle Corporation"/>
    <property name="os.name" value="Mac OS X"/>
    <property name="classworlds.conf" value="/Users/xuxiaochan/eclipse-workspace/.metadata/.plugins/org.eclipse.m2e.launching/launches/m2conf6928119612950255663.tmp"/>
    <property name="sun.jnu.encoding" value="UTF-8"/>
    <property name="java.library.path" value="/Users/xuxiaochan/Library/Java/Extensions:/Library/Java/Extensions:/Network/Library/Java/Extensions:/System/Library/Java/Extensions:/usr/lib/java:."/>
    <property name="java.specification.name" value="Java Platform API Specification"/>
    <property name="java.class.version" value="52.0"/>
    <property name="sun.management.compiler" value="HotSpot 64-Bit Tiered Compilers"/>
    <property name="os.version" value="10.12.6"/>
    <property name="library.jansi.path" value="/Users/xuxiaochan/Downloads/apache-maven-3.5.0/lib/jansi-native/osx64"/>
    <property name="http.nonProxyHosts" value="local|*.local|169.254/16|*.169.254/16"/>
    <property name="user.home" value="/Users/xuxiaochan"/>
    <property name="user.timezone" value="Asia/Shanghai"/>
    <property name="java.awt.printerjob" value="sun.lwawt.macosx.CPrinterJob"/>
    <property name="java.specification.version" value="1.8"/>
    <property name="file.encoding" value="UTF-8"/>
    <property name="user.name" value="xuxiaochan"/>
    <property name="java.class.path" value="/Users/xuxiaochan/Downloads/apache-maven-3.5.0/boot/plexus-classworlds-2.5.2.jar"/>
    <property name="java.vm.specification.version" value="1.8"/>
    <property name="sun.arch.data.model" value="64"/>
    <property name="java.home" value="/Library/Java/JavaVirtualMachines/jdk1.8.0_121.jdk/Contents/Home/jre"/>
    <property name="sun.java.command" value="org.codehaus.plexus.classworlds.launcher.Launcher -B -gs /Users/xuxiaochan/Documents/Maven/Repository/settings.xml -s /Users/xuxiaochan/Documents/Maven/Repository/settings.xml install"/>
    <property name="java.specification.vendor" value="Oracle Corporation"/>
    <property name="user.language" value="zh"/>
    <property name="awt.toolkit" value="sun.lwawt.macosx.LWCToolkit"/>
    <property name="java.vm.info" value="mixed mode"/>
    <property name="java.version" value="1.8.0_121"/>
    <property name="java.ext.dirs" value="/Users/xuxiaochan/Library/Java/Extensions:/Library/Java/JavaVirtualMachines/jdk1.8.0_121.jdk/Contents/Home/jre/lib/ext:/Library/Java/Extensions:/Network/Library/Java/Extensions:/System/Library/Java/Extensions:/usr/lib/java"/>
    <property name="sun.boot.class.path" value="/Library/Java/JavaVirtualMachines/jdk1.8.0_121.jdk/Contents/Home/jre/lib/resources.jar:/Library/Java/JavaVirtualMachines/jdk1.8.0_121.jdk/Contents/Home/jre/lib/rt.jar:/Library/Java/JavaVirtualMachines/jdk1.8.0_121.jdk/Contents/Home/jre/lib/sunrsasign.jar:/Library/Java/JavaVirtualMachines/jdk1.8.0_121.jdk/Contents/Home/jre/lib/jsse.jar:/Library/Java/JavaVirtualMachines/jdk1.8.0_121.jdk/Contents/Home/jre/lib/jce.jar:/Library/Java/JavaVirtualMachines/jdk1.8.0_121.jdk/Contents/Home/jre/lib/charsets.jar:/Library/Java/JavaVirtualMachines/jdk1.8.0_121.jdk/Contents/Home/jre/lib/jfr.jar:/Library/Java/JavaVirtualMachines/jdk1.8.0_121.jdk/Contents/Home/jre/classes"/>
    <property name="java.vendor" value="Oracle Corporation"/>
    <property name="maven.home" value="/Users/xuxiaochan/Downloads/apache-maven-3.5.0"/>
    <property name="file.separator" value="/"/>
    <property name="java.vendor.url.bug" value="http://bugreport.sun.com/bugreport/"/>
    <property name="sun.cpu.endian" value="little"/>
    <property name="sun.io.unicode.encoding" value="UnicodeBig"/>
    <property name="socksNonProxyHosts" value="local|*.local|169.254/16|*.169.254/16"/>
    <property name="ftp.nonProxyHosts" value="local|*.local|169.254/16|*.169.254/16"/>
    <property name="sun.cpu.isalist" value=""/>
  </properties>
  <testcase classname="xuxiaochan.test.airwallex.BankInfoEndpointTest" name="bankInfoCollectEndpointRequest" time="0.864"/>
  <testcase classname="xuxiaochan.test.airwallex.BankInfoEndpointTest" name="bankInfoCollectEndpointRequest" time="0.495"/>
  <testcase classname="xuxiaochan.test.airwallex.BankInfoEndpointTest" name="bankInfoCollectEndpointRequest" time="0.408"/>
  <testcase classname="xuxiaochan.test.airwallex.BankInfoEndpointTest" name="bankInfoCollectEndpointRequest" time="0.404"/>
  <testcase classname="xuxiaochan.test.airwallex.BankInfoEndpointTest" name="bankInfoCollectEndpointRequest" time="0.414"/>
  <testcase classname="xuxiaochan.test.airwallex.BankInfoEndpointTest" name="bankInfoCollectEndpointRequest" time="0.405"/>
  <testcase classname="xuxiaochan.test.airwallex.BankInfoEndpointTest" name="bankInfoCollectEndpointRequest" time="0.411"/>
  <testcase classname="xuxiaochan.test.airwallex.BankInfoEndpointTest" name="bankInfoCollectEndpointRequest" time="0.41"/>
  <testcase classname="xuxiaochan.test.airwallex.BankInfoEndpointTest" name="bankInfoCollectEndpointRequest" time="0.409"/>
  <testcase classname="xuxiaochan.test.airwallex.BankInfoEndpointTest" name="bankInfoCollectEndpointRequest" time="0.409"/>
  <testcase classname="xuxiaochan.test.airwallex.BankInfoEndpointTest" name="bankInfoCollectEndpointRequest" time="0.413"/>
  <testcase classname="xuxiaochan.test.airwallex.BankInfoEndpointTest" name="bankInfoCollectEndpointRequest" time="0.407"/>
  <testcase classname="xuxiaochan.test.airwallex.BankInfoEndpointTest" name="bankInfoCollectEndpointRequest" time="0.411"/>
  <testcase classname="xuxiaochan.test.airwallex.BankInfoEndpointTest" name="bankInfoCollectEndpointRequest" time="0.408"/>
  <testcase classname="xuxiaochan.test.airwallex.BankInfoEndpointTest" name="bankInfoCollectEndpointRequest" time="0.409"/>
  <testcase classname="xuxiaochan.test.airwallex.BankInfoEndpointTest" name="bankInfoCollectEndpointRequest" time="0.373">
    <failure message="expected [{&quot;error&quot;:&quot;Length of account_number should be between 1 and 17 when bank_country_code is &apos;US&apos;&quot;}] but found [{&quot;error&quot;:&quot;Length of account_number should be between 7 and 11 when bank_country_code is &apos;US&apos;&quot;}]" type="java.lang.AssertionError">java.lang.AssertionError: expected [{&quot;error&quot;:&quot;Length of account_number should be between 1 and 17 when bank_country_code is &apos;US&apos;&quot;}] but found [{&quot;error&quot;:&quot;Length of account_number should be between 7 and 11 when bank_country_code is &apos;US&apos;&quot;}]
	at org.testng.Assert.fail(Assert.java:94)
	at org.testng.Assert.failNotEquals(Assert.java:513)
	at org.testng.Assert.assertEqualsImpl(Assert.java:135)
	at org.testng.Assert.assertEquals(Assert.java:116)
	at org.testng.Assert.assertEquals(Assert.java:190)
	at org.testng.Assert.assertEquals(Assert.java:200)
	at xuxiaochan.test.airwallex.BankInfoEndpointTest.bankInfoCollectEndpointRequest(BankInfoEndpointTest.java:132)
</failure>
    <system-out>length of account_number validate when bank_country_code is US: 18
HTTP/1.1 400 Bad Request
{&quot;error&quot;:&quot;Length of account_number should be between 7 and 11 when bank_country_code is &apos;US&apos;&quot;}
</system-out>
  </testcase>
  <testcase classname="xuxiaochan.test.airwallex.BankInfoEndpointTest" name="bankInfoCollectEndpointRequest" time="0.445"/>
  <testcase classname="xuxiaochan.test.airwallex.BankInfoEndpointTest" name="bankInfoCollectEndpointRequest" time="0.408"/>
  <testcase classname="xuxiaochan.test.airwallex.BankInfoEndpointTest" name="bankInfoCollectEndpointRequest" time="0.407"/>
  <testcase classname="xuxiaochan.test.airwallex.BankInfoEndpointTest" name="bankInfoCollectEndpointRequest" time="0.412">
    <failure message="expected [{&quot;error&quot;:&quot;Length of account_number should be between 6 and 9 when bank_country_code is &apos;AU&apos;&quot;}] but found [{&quot;error&quot;:&quot;Length of account_number should be between 7 and 11 when bank_country_code is &apos;US&apos;&quot;}]" type="java.lang.AssertionError">java.lang.AssertionError: expected [{&quot;error&quot;:&quot;Length of account_number should be between 6 and 9 when bank_country_code is &apos;AU&apos;&quot;}] but found [{&quot;error&quot;:&quot;Length of account_number should be between 7 and 11 when bank_country_code is &apos;US&apos;&quot;}]
	at org.testng.Assert.fail(Assert.java:94)
	at org.testng.Assert.failNotEquals(Assert.java:513)
	at org.testng.Assert.assertEqualsImpl(Assert.java:135)
	at org.testng.Assert.assertEquals(Assert.java:116)
	at org.testng.Assert.assertEquals(Assert.java:190)
	at org.testng.Assert.assertEquals(Assert.java:200)
	at xuxiaochan.test.airwallex.BankInfoEndpointTest.bankInfoCollectEndpointRequest(BankInfoEndpointTest.java:132)
</failure>
    <system-out>length of account_number validate when bank_country_code is AU: 5
HTTP/1.1 400 Bad Request
{&quot;error&quot;:&quot;Length of account_number should be between 7 and 11 when bank_country_code is &apos;US&apos;&quot;}
</system-out>
  </testcase>
  <testcase classname="xuxiaochan.test.airwallex.BankInfoEndpointTest" name="bankInfoCollectEndpointRequest" time="0.41"/>
  <testcase classname="xuxiaochan.test.airwallex.BankInfoEndpointTest" name="bankInfoCollectEndpointRequest" time="0.512"/>
  <testcase classname="xuxiaochan.test.airwallex.BankInfoEndpointTest" name="bankInfoCollectEndpointRequest" time="0.409">
    <failure message="expected [{&quot;error&quot;:&quot;Length of account_number should be between 6 and 9 when bank_country_code is &apos;AU&apos;&quot;}] but found [{&quot;error&quot;:&quot;Length of account_number should be between 7 and 11 when bank_country_code is &apos;US&apos;&quot;}]" type="java.lang.AssertionError">java.lang.AssertionError: expected [{&quot;error&quot;:&quot;Length of account_number should be between 6 and 9 when bank_country_code is &apos;AU&apos;&quot;}] but found [{&quot;error&quot;:&quot;Length of account_number should be between 7 and 11 when bank_country_code is &apos;US&apos;&quot;}]
	at org.testng.Assert.fail(Assert.java:94)
	at org.testng.Assert.failNotEquals(Assert.java:513)
	at org.testng.Assert.assertEqualsImpl(Assert.java:135)
	at org.testng.Assert.assertEquals(Assert.java:116)
	at org.testng.Assert.assertEquals(Assert.java:190)
	at org.testng.Assert.assertEquals(Assert.java:200)
	at xuxiaochan.test.airwallex.BankInfoEndpointTest.bankInfoCollectEndpointRequest(BankInfoEndpointTest.java:132)
</failure>
    <system-out>length of account_number validate when bank_country_code is AU: 10
HTTP/1.1 400 Bad Request
{&quot;error&quot;:&quot;Length of account_number should be between 7 and 11 when bank_country_code is &apos;US&apos;&quot;}
</system-out>
  </testcase>
  <testcase classname="xuxiaochan.test.airwallex.BankInfoEndpointTest" name="bankInfoCollectEndpointRequest" time="0.412">
    <failure message="expected [{&quot;error&quot;:&quot;Length of account_number should be between 8 and 20 when bank_country_code is &apos;CN&apos;&quot;}] but found [{&quot;success&quot;:&quot;Bank details saved&quot;}]" type="java.lang.AssertionError">java.lang.AssertionError: expected [{&quot;error&quot;:&quot;Length of account_number should be between 8 and 20 when bank_country_code is &apos;CN&apos;&quot;}] but found [{&quot;success&quot;:&quot;Bank details saved&quot;}]
	at org.testng.Assert.fail(Assert.java:94)
	at org.testng.Assert.failNotEquals(Assert.java:513)
	at org.testng.Assert.assertEqualsImpl(Assert.java:135)
	at org.testng.Assert.assertEquals(Assert.java:116)
	at org.testng.Assert.assertEquals(Assert.java:190)
	at org.testng.Assert.assertEquals(Assert.java:200)
	at xuxiaochan.test.airwallex.BankInfoEndpointTest.bankInfoCollectEndpointRequest(BankInfoEndpointTest.java:132)
</failure>
    <system-out>length of account_number validate when bank_country_code is CN: 7
HTTP/1.1 200 OK
{&quot;success&quot;:&quot;Bank details saved&quot;}
</system-out>
  </testcase>
  <testcase classname="xuxiaochan.test.airwallex.BankInfoEndpointTest" name="bankInfoCollectEndpointRequest" time="0.407"/>
  <testcase classname="xuxiaochan.test.airwallex.BankInfoEndpointTest" name="bankInfoCollectEndpointRequest" time="0.411">
    <failure message="expected [{&quot;success&quot;:&quot;Bank details saved&quot;}] but found [{&quot;error&quot;:&quot;Length of account_number should be between 7 and 11 when bank_country_code is &apos;US&apos;&quot;}]" type="java.lang.AssertionError">java.lang.AssertionError: expected [{&quot;success&quot;:&quot;Bank details saved&quot;}] but found [{&quot;error&quot;:&quot;Length of account_number should be between 7 and 11 when bank_country_code is &apos;US&apos;&quot;}]
	at org.testng.Assert.fail(Assert.java:94)
	at org.testng.Assert.failNotEquals(Assert.java:513)
	at org.testng.Assert.assertEqualsImpl(Assert.java:135)
	at org.testng.Assert.assertEquals(Assert.java:116)
	at org.testng.Assert.assertEquals(Assert.java:190)
	at org.testng.Assert.assertEquals(Assert.java:200)
	at xuxiaochan.test.airwallex.BankInfoEndpointTest.bankInfoCollectEndpointRequest(BankInfoEndpointTest.java:132)
</failure>
    <system-out>length of account_number validate when bank_country_code is CN: 20 with invalid_abs
HTTP/1.1 400 Bad Request
{&quot;error&quot;:&quot;Length of account_number should be between 7 and 11 when bank_country_code is &apos;US&apos;&quot;}
</system-out>
  </testcase>
  <testcase classname="xuxiaochan.test.airwallex.BankInfoEndpointTest" name="bankInfoCollectEndpointRequest" time="0.407">
    <failure message="expected [{&quot;success&quot;:&quot;Bank details saved&quot;}] but found [{&quot;error&quot;:&quot;Length of account_number should be between 7 and 11 when bank_country_code is &apos;US&apos;&quot;}]" type="java.lang.AssertionError">java.lang.AssertionError: expected [{&quot;success&quot;:&quot;Bank details saved&quot;}] but found [{&quot;error&quot;:&quot;Length of account_number should be between 7 and 11 when bank_country_code is &apos;US&apos;&quot;}]
	at org.testng.Assert.fail(Assert.java:94)
	at org.testng.Assert.failNotEquals(Assert.java:513)
	at org.testng.Assert.assertEqualsImpl(Assert.java:135)
	at org.testng.Assert.assertEquals(Assert.java:116)
	at org.testng.Assert.assertEquals(Assert.java:190)
	at org.testng.Assert.assertEquals(Assert.java:200)
	at xuxiaochan.test.airwallex.BankInfoEndpointTest.bankInfoCollectEndpointRequest(BankInfoEndpointTest.java:132)
</failure>
    <system-out>length of account_number validate when bank_country_code is CN: 20
HTTP/1.1 400 Bad Request
{&quot;error&quot;:&quot;Length of account_number should be between 7 and 11 when bank_country_code is &apos;US&apos;&quot;}
</system-out>
  </testcase>
  <testcase classname="xuxiaochan.test.airwallex.BankInfoEndpointTest" name="bankInfoCollectEndpointRequest" time="0.411">
    <failure message="expected [{&quot;error&quot;:&quot;Length of account_number should be between 8 and 20 when bank_country_code is &apos;CN&apos;&quot;}] but found [{&quot;error&quot;:&quot;Length of account_number should be between 7 and 11 when bank_country_code is &apos;US&apos;&quot;}]" type="java.lang.AssertionError">java.lang.AssertionError: expected [{&quot;error&quot;:&quot;Length of account_number should be between 8 and 20 when bank_country_code is &apos;CN&apos;&quot;}] but found [{&quot;error&quot;:&quot;Length of account_number should be between 7 and 11 when bank_country_code is &apos;US&apos;&quot;}]
	at org.testng.Assert.fail(Assert.java:94)
	at org.testng.Assert.failNotEquals(Assert.java:513)
	at org.testng.Assert.assertEqualsImpl(Assert.java:135)
	at org.testng.Assert.assertEquals(Assert.java:116)
	at org.testng.Assert.assertEquals(Assert.java:190)
	at org.testng.Assert.assertEquals(Assert.java:200)
	at xuxiaochan.test.airwallex.BankInfoEndpointTest.bankInfoCollectEndpointRequest(BankInfoEndpointTest.java:132)
</failure>
    <system-out>length of account_number validate when bank_country_code is CN: 21
HTTP/1.1 400 Bad Request
{&quot;error&quot;:&quot;Length of account_number should be between 7 and 11 when bank_country_code is &apos;US&apos;&quot;}
</system-out>
  </testcase>
  <testcase classname="xuxiaochan.test.airwallex.BankInfoEndpointTest" name="bankInfoCollectEndpointRequest" time="0.408"/>
  <testcase classname="xuxiaochan.test.airwallex.BankInfoEndpointTest" name="bankInfoCollectEndpointRequest" time="0.409"/>
  <testcase classname="xuxiaochan.test.airwallex.BankInfoEndpointTest" name="bankInfoCollectEndpointRequest" time="0.406"/>
  <testcase classname="xuxiaochan.test.airwallex.BankInfoEndpointTest" name="bankInfoCollectEndpointRequest" time="0.413"/>
  <testcase classname="xuxiaochan.test.airwallex.BankInfoEndpointTest" name="bankInfoCollectEndpointRequest" time="0.406"/>
  <testcase classname="xuxiaochan.test.airwallex.BankInfoEndpointTest" name="bankInfoCollectEndpointRequest" time="0.409"/>
  <testcase classname="xuxiaochan.test.airwallex.BankInfoEndpointTest" name="bankInfoCollectEndpointRequest" time="0.409"/>
  <testcase classname="xuxiaochan.test.airwallex.BankInfoEndpointTest" name="bankInfoCollectEndpointRequest" time="0.41"/>
  <testcase classname="xuxiaochan.test.airwallex.BankInfoEndpointTest" name="bankInfoCollectEndpointRequest" time="0.412">
    <failure message="expected [{&quot;success&quot;:&quot;Bank details saved&quot;}] but found [{&quot;error&quot;:&quot;Length of account_number should be between 7 and 11 when bank_country_code is &apos;US&apos;&quot;}]" type="java.lang.AssertionError">java.lang.AssertionError: expected [{&quot;success&quot;:&quot;Bank details saved&quot;}] but found [{&quot;error&quot;:&quot;Length of account_number should be between 7 and 11 when bank_country_code is &apos;US&apos;&quot;}]
	at org.testng.Assert.fail(Assert.java:94)
	at org.testng.Assert.failNotEquals(Assert.java:513)
	at org.testng.Assert.assertEqualsImpl(Assert.java:135)
	at org.testng.Assert.assertEquals(Assert.java:116)
	at org.testng.Assert.assertEquals(Assert.java:190)
	at org.testng.Assert.assertEquals(Assert.java:200)
	at xuxiaochan.test.airwallex.BankInfoEndpointTest.bankInfoCollectEndpointRequest(BankInfoEndpointTest.java:132)
</failure>
    <system-out>the 5th and 6th characters of swift_code validate when bank_country_code is CN: pass
HTTP/1.1 400 Bad Request
{&quot;error&quot;:&quot;Length of account_number should be between 7 and 11 when bank_country_code is &apos;US&apos;&quot;}
</system-out>
  </testcase>
  <testcase classname="xuxiaochan.test.airwallex.BankInfoEndpointTest" name="bankInfoCollectEndpointRequest" time="0.408">
    <failure message="expected [{&quot;error&quot;:&quot;The swift code is not valid for the given bank country code: CN&quot;}] but found [{&quot;error&quot;:&quot;Length of account_number should be between 7 and 11 when bank_country_code is &apos;US&apos;&quot;}]" type="java.lang.AssertionError">java.lang.AssertionError: expected [{&quot;error&quot;:&quot;The swift code is not valid for the given bank country code: CN&quot;}] but found [{&quot;error&quot;:&quot;Length of account_number should be between 7 and 11 when bank_country_code is &apos;US&apos;&quot;}]
	at org.testng.Assert.fail(Assert.java:94)
	at org.testng.Assert.failNotEquals(Assert.java:513)
	at org.testng.Assert.assertEqualsImpl(Assert.java:135)
	at org.testng.Assert.assertEquals(Assert.java:116)
	at org.testng.Assert.assertEquals(Assert.java:190)
	at org.testng.Assert.assertEquals(Assert.java:200)
	at xuxiaochan.test.airwallex.BankInfoEndpointTest.bankInfoCollectEndpointRequest(BankInfoEndpointTest.java:132)
</failure>
    <system-out>the 5th character of swift_code validate when bank_country_code is CN: fail
HTTP/1.1 400 Bad Request
{&quot;error&quot;:&quot;Length of account_number should be between 7 and 11 when bank_country_code is &apos;US&apos;&quot;}
</system-out>
  </testcase>
  <testcase classname="xuxiaochan.test.airwallex.BankInfoEndpointTest" name="bankInfoCollectEndpointRequest" time="0.413">
    <failure message="expected [{&quot;error&quot;:&quot;The swift code is not valid for the given bank country code: CN&quot;}] but found [{&quot;error&quot;:&quot;Length of account_number should be between 7 and 11 when bank_country_code is &apos;US&apos;&quot;}]" type="java.lang.AssertionError">java.lang.AssertionError: expected [{&quot;error&quot;:&quot;The swift code is not valid for the given bank country code: CN&quot;}] but found [{&quot;error&quot;:&quot;Length of account_number should be between 7 and 11 when bank_country_code is &apos;US&apos;&quot;}]
	at org.testng.Assert.fail(Assert.java:94)
	at org.testng.Assert.failNotEquals(Assert.java:513)
	at org.testng.Assert.assertEqualsImpl(Assert.java:135)
	at org.testng.Assert.assertEquals(Assert.java:116)
	at org.testng.Assert.assertEquals(Assert.java:190)
	at org.testng.Assert.assertEquals(Assert.java:200)
	at xuxiaochan.test.airwallex.BankInfoEndpointTest.bankInfoCollectEndpointRequest(BankInfoEndpointTest.java:132)
</failure>
    <system-out>the 6th character of swift_code validate when bank_country_code is CN: fail
HTTP/1.1 400 Bad Request
{&quot;error&quot;:&quot;Length of account_number should be between 7 and 11 when bank_country_code is &apos;US&apos;&quot;}
</system-out>
  </testcase>
  <testcase classname="xuxiaochan.test.airwallex.BankInfoEndpointTest" name="bankInfoCollectEndpointRequest" time="0.406"/>
  <testcase classname="xuxiaochan.test.airwallex.BankInfoEndpointTest" name="bankInfoCollectEndpointRequest" time="0.407"/>
  <testcase classname="xuxiaochan.test.airwallex.BankInfoEndpointTest" name="bankInfoCollectEndpointRequest" time="0.412">
    <failure message="expected [{&quot;error&quot;:&quot;Length of &apos;swift_code&apos; should be either 8 or 11&quot;}] but found [{&quot;success&quot;:&quot;Bank details saved&quot;}]" type="java.lang.AssertionError">java.lang.AssertionError: expected [{&quot;error&quot;:&quot;Length of &apos;swift_code&apos; should be either 8 or 11&quot;}] but found [{&quot;success&quot;:&quot;Bank details saved&quot;}]
	at org.testng.Assert.fail(Assert.java:94)
	at org.testng.Assert.failNotEquals(Assert.java:513)
	at org.testng.Assert.assertEqualsImpl(Assert.java:135)
	at org.testng.Assert.assertEquals(Assert.java:116)
	at org.testng.Assert.assertEquals(Assert.java:190)
	at org.testng.Assert.assertEquals(Assert.java:200)
	at xuxiaochan.test.airwallex.BankInfoEndpointTest.bankInfoCollectEndpointRequest(BankInfoEndpointTest.java:132)
</failure>
    <system-out>the length of swift_code validate: 9
HTTP/1.1 200 OK
{&quot;success&quot;:&quot;Bank details saved&quot;}
</system-out>
  </testcase>
  <testcase classname="xuxiaochan.test.airwallex.BankInfoEndpointTest" name="bankInfoCollectEndpointRequest" time="0.407">
    <failure message="expected [{&quot;error&quot;:&quot;Length of &apos;swift_code&apos; should be either 8 or 11&quot;}] but found [{&quot;success&quot;:&quot;Bank details saved&quot;}]" type="java.lang.AssertionError">java.lang.AssertionError: expected [{&quot;error&quot;:&quot;Length of &apos;swift_code&apos; should be either 8 or 11&quot;}] but found [{&quot;success&quot;:&quot;Bank details saved&quot;}]
	at org.testng.Assert.fail(Assert.java:94)
	at org.testng.Assert.failNotEquals(Assert.java:513)
	at org.testng.Assert.assertEqualsImpl(Assert.java:135)
	at org.testng.Assert.assertEquals(Assert.java:116)
	at org.testng.Assert.assertEquals(Assert.java:190)
	at org.testng.Assert.assertEquals(Assert.java:200)
	at xuxiaochan.test.airwallex.BankInfoEndpointTest.bankInfoCollectEndpointRequest(BankInfoEndpointTest.java:132)
</failure>
    <system-out>the length of swift_code validate: 10
HTTP/1.1 200 OK
{&quot;success&quot;:&quot;Bank details saved&quot;}
</system-out>
  </testcase>
  <testcase classname="xuxiaochan.test.airwallex.BankInfoEndpointTest" name="bankInfoCollectEndpointRequest" time="0.382"/>
  <testcase classname="xuxiaochan.test.airwallex.BankInfoEndpointTest" name="bankInfoCollectEndpointRequest" time="0.337"/>
  <testcase classname="xuxiaochan.test.airwallex.BankInfoEndpointTest" name="bankInfoCollectEndpointRequest" time="0.339"/>
  <testcase classname="xuxiaochan.test.airwallex.BankInfoEndpointTest" name="bankInfoCollectEndpointRequest" time="0.441"/>
  <testcase classname="xuxiaochan.test.airwallex.BankInfoEndpointTest" name="bankInfoCollectEndpointRequest" time="0.334"/>
  <testcase classname="xuxiaochan.test.airwallex.BankInfoEndpointTest" name="bankInfoCollectEndpointRequest" time="0.343">
    <failure message="expected [{&quot;success&quot;:&quot;Bank details saved&quot;}] but found [{&quot;error&quot;:&quot;Length of account_number should be between 7 and 11 when bank_country_code is &apos;US&apos;&quot;}]" type="java.lang.AssertionError">java.lang.AssertionError: expected [{&quot;success&quot;:&quot;Bank details saved&quot;}] but found [{&quot;error&quot;:&quot;Length of account_number should be between 7 and 11 when bank_country_code is &apos;US&apos;&quot;}]
	at org.testng.Assert.fail(Assert.java:94)
	at org.testng.Assert.failNotEquals(Assert.java:513)
	at org.testng.Assert.assertEqualsImpl(Assert.java:135)
	at org.testng.Assert.assertEquals(Assert.java:116)
	at org.testng.Assert.assertEquals(Assert.java:190)
	at org.testng.Assert.assertEquals(Assert.java:200)
	at xuxiaochan.test.airwallex.BankInfoEndpointTest.bankInfoCollectEndpointRequest(BankInfoEndpointTest.java:132)
</failure>
    <system-out>optional field of bsb validate when bank_country_code is CN: pass with invalid_bsb
HTTP/1.1 400 Bad Request
{&quot;error&quot;:&quot;Length of account_number should be between 7 and 11 when bank_country_code is &apos;US&apos;&quot;}
</system-out>
  </testcase>
  <testcase classname="xuxiaochan.test.airwallex.BankInfoEndpointTest" name="bankInfoCollectEndpointRequest" time="0.384">
    <failure message="expected [{&quot;success&quot;:&quot;Bank details saved&quot;}] but found [{&quot;error&quot;:&quot;Length of account_number should be between 7 and 11 when bank_country_code is &apos;US&apos;&quot;}]" type="java.lang.AssertionError">java.lang.AssertionError: expected [{&quot;success&quot;:&quot;Bank details saved&quot;}] but found [{&quot;error&quot;:&quot;Length of account_number should be between 7 and 11 when bank_country_code is &apos;US&apos;&quot;}]
	at org.testng.Assert.fail(Assert.java:94)
	at org.testng.Assert.failNotEquals(Assert.java:513)
	at org.testng.Assert.assertEqualsImpl(Assert.java:135)
	at org.testng.Assert.assertEquals(Assert.java:116)
	at org.testng.Assert.assertEquals(Assert.java:190)
	at org.testng.Assert.assertEquals(Assert.java:200)
	at xuxiaochan.test.airwallex.BankInfoEndpointTest.bankInfoCollectEndpointRequest(BankInfoEndpointTest.java:132)
</failure>
    <system-out>optional field of bsb validate when bank_country_code is CN: pass whith bsb
HTTP/1.1 400 Bad Request
{&quot;error&quot;:&quot;Length of account_number should be between 7 and 11 when bank_country_code is &apos;US&apos;&quot;}
</system-out>
  </testcase>
  <testcase classname="xuxiaochan.test.airwallex.BankInfoEndpointTest" name="bankInfoCollectEndpointRequest" time="0.372"/>
  <testcase classname="xuxiaochan.test.airwallex.BankInfoEndpointTest" name="bankInfoCollectEndpointRequest" time="0.442"/>
  <testcase classname="xuxiaochan.test.airwallex.BankInfoEndpointTest" name="bankInfoCollectEndpointRequest" time="0.409"/>
  <testcase classname="xuxiaochan.test.airwallex.BankInfoEndpointTest" name="bankInfoCollectEndpointRequest" time="0.34">
    <failure message="expected [{&quot;error&quot;:&quot;&apos;aba&apos; is required when bank country code is US&quot;}] but found [{&quot;success&quot;:&quot;Bank details saved&quot;}]" type="java.lang.AssertionError">java.lang.AssertionError: expected [{&quot;error&quot;:&quot;&apos;aba&apos; is required when bank country code is US&quot;}] but found [{&quot;success&quot;:&quot;Bank details saved&quot;}]
	at org.testng.Assert.fail(Assert.java:94)
	at org.testng.Assert.failNotEquals(Assert.java:513)
	at org.testng.Assert.assertEqualsImpl(Assert.java:135)
	at org.testng.Assert.assertEquals(Assert.java:116)
	at org.testng.Assert.assertEquals(Assert.java:190)
	at org.testng.Assert.assertEquals(Assert.java:200)
	at xuxiaochan.test.airwallex.BankInfoEndpointTest.bankInfoCollectEndpointRequest(BankInfoEndpointTest.java:132)
</failure>
    <system-out>mandatory field of aba validate when bank_country_code is US: fail
HTTP/1.1 200 OK
{&quot;success&quot;:&quot;Bank details saved&quot;}
</system-out>
  </testcase>
  <testcase classname="xuxiaochan.test.airwallex.BankInfoEndpointTest" name="bankInfoCollectEndpointRequest" time="0.484"/>
  <testcase classname="xuxiaochan.test.airwallex.BankInfoEndpointTest" name="bankInfoCollectEndpointRequest" time="0.372"/>
  <testcase classname="xuxiaochan.test.airwallex.BankInfoEndpointTest" name="bankInfoCollectEndpointRequest" time="0.341">
    <failure message="expected [{&quot;success&quot;:&quot;Bank details saved&quot;}] but found [{&quot;error&quot;:&quot;Length of account_number should be between 7 and 11 when bank_country_code is &apos;US&apos;&quot;}]" type="java.lang.AssertionError">java.lang.AssertionError: expected [{&quot;success&quot;:&quot;Bank details saved&quot;}] but found [{&quot;error&quot;:&quot;Length of account_number should be between 7 and 11 when bank_country_code is &apos;US&apos;&quot;}]
	at org.testng.Assert.fail(Assert.java:94)
	at org.testng.Assert.failNotEquals(Assert.java:513)
	at org.testng.Assert.assertEqualsImpl(Assert.java:135)
	at org.testng.Assert.assertEquals(Assert.java:116)
	at org.testng.Assert.assertEquals(Assert.java:190)
	at org.testng.Assert.assertEquals(Assert.java:200)
	at xuxiaochan.test.airwallex.BankInfoEndpointTest.bankInfoCollectEndpointRequest(BankInfoEndpointTest.java:132)
</failure>
    <system-out>optional field of bsb validate when bank_country_code is CN: pass wtih aba
HTTP/1.1 400 Bad Request
{&quot;error&quot;:&quot;Length of account_number should be between 7 and 11 when bank_country_code is &apos;US&apos;&quot;}
</system-out>
  </testcase>
  <testcase classname="xuxiaochan.test.airwallex.BankInfoEndpointTest" name="bankInfoCollectEndpointRequest" time="0.41">
    <failure message="expected [{&quot;success&quot;:&quot;Bank details saved&quot;}] but found [{&quot;error&quot;:&quot;Length of account_number should be between 7 and 11 when bank_country_code is &apos;US&apos;&quot;}]" type="java.lang.AssertionError">java.lang.AssertionError: expected [{&quot;success&quot;:&quot;Bank details saved&quot;}] but found [{&quot;error&quot;:&quot;Length of account_number should be between 7 and 11 when bank_country_code is &apos;US&apos;&quot;}]
	at org.testng.Assert.fail(Assert.java:94)
	at org.testng.Assert.failNotEquals(Assert.java:513)
	at org.testng.Assert.assertEqualsImpl(Assert.java:135)
	at org.testng.Assert.assertEquals(Assert.java:116)
	at org.testng.Assert.assertEquals(Assert.java:190)
	at org.testng.Assert.assertEquals(Assert.java:200)
	at xuxiaochan.test.airwallex.BankInfoEndpointTest.bankInfoCollectEndpointRequest(BankInfoEndpointTest.java:132)
</failure>
    <system-out>optional field of bsb validate when bank_country_code is CN: pass
HTTP/1.1 400 Bad Request
{&quot;error&quot;:&quot;Length of account_number should be between 7 and 11 when bank_country_code is &apos;US&apos;&quot;}
</system-out>
  </testcase>
  <testcase classname="xuxiaochan.test.airwallex.BankInfoEndpointTest" name="bankInfoCollectEndpointRequest" time="0.376"/>
  <testcase classname="xuxiaochan.test.airwallex.BankInfoEndpointTest" name="bankInfoCollectEndpointRequest" time="0.443"/>
  <testcase classname="xuxiaochan.test.airwallex.BankInfoEndpointTest" name="bankInfoCollectEndpointRequest" time="0.371"/>
  <testcase classname="xuxiaochan.test.airwallex.BankInfoEndpointTest" name="bankInfoCollectEndpointRequest" time="0.338"/>
  <testcase classname="xuxiaochan.test.airwallex.BankInfoEndpointTest" name="bankInfoCollectEndpointRequest" time="0.415"/>
  <testcase classname="xuxiaochan.test.airwallex.BankInfoEndpointTest" name="bankInfoCollectEndpointRequest" time="0.384">
    <failure message="expected [{&quot;success&quot;:&quot;Bank details saved&quot;}] but found [{&quot;error&quot;:&quot;Length of account_number should be between 7 and 11 when bank_country_code is &apos;US&apos;&quot;}]" type="java.lang.AssertionError">java.lang.AssertionError: expected [{&quot;success&quot;:&quot;Bank details saved&quot;}] but found [{&quot;error&quot;:&quot;Length of account_number should be between 7 and 11 when bank_country_code is &apos;US&apos;&quot;}]
	at org.testng.Assert.fail(Assert.java:94)
	at org.testng.Assert.failNotEquals(Assert.java:513)
	at org.testng.Assert.assertEqualsImpl(Assert.java:135)
	at org.testng.Assert.assertEquals(Assert.java:116)
	at org.testng.Assert.assertEquals(Assert.java:190)
	at org.testng.Assert.assertEquals(Assert.java:200)
	at xuxiaochan.test.airwallex.BankInfoEndpointTest.bankInfoCollectEndpointRequest(BankInfoEndpointTest.java:132)
</failure>
    <system-out>payment_method is LOCAL and bank_country_code is CN with 20 account_number length
HTTP/1.1 400 Bad Request
{&quot;error&quot;:&quot;Length of account_number should be between 7 and 11 when bank_country_code is &apos;US&apos;&quot;}
</system-out>
  </testcase>
</testsuite>